This file contains any messages produced by compilers while
running configure, to aid debugging if configure makes a mistake.

It was created by rabbitmq-c configure 0.8.0, which was
generated by GNU Autoconf 2.69.  Invocation command line was

  $ ./configure --prefix=/opt/cdk/rabbitmq/v0.8.1

## --------- ##
## Platform. ##
## --------- ##

hostname = 192.168.0.147
uname -m = x86_64
uname -r = 17.2.0
uname -s = Darwin
uname -v = Darwin Kernel Version 17.2.0: Fri Sep 29 18:27:05 PDT 2017; root:xnu-4570.20.62~3/RELEASE_X86_64

/usr/bin/uname -p = i386
/bin/uname -X     = unknown

/bin/arch              = unknown
/usr/bin/arch -k       = unknown
/usr/convex/getsysinfo = unknown
/usr/bin/hostinfo      = Mach kernel version:
	 Darwin Kernel Version 17.2.0: Fri Sep 29 18:27:05 PDT 2017; root:xnu-4570.20.62~3/RELEASE_X86_64
Kernel configured for up to 4 processors.
2 processors are physically available.
4 processors are logically available.
Processor type: x86_64h (Intel x86-64h Haswell)
Processors active: 0 1 2 3
Primary memory available: 8.00 gigabytes
Default processor set: 398 tasks, 1950 threads, 4 processors
Load average: 3.30, Mach factor: 1.26
/bin/machine           = unknown
/usr/bin/oslevel       = unknown
/bin/universe          = unknown

PATH: /Users/Alsa/bin
PATH: /usr/local/bin
PATH: /Library/Frameworks/Python.framework/Versions/3.4/bin
PATH: /usr/bin
PATH: /bin
PATH: /usr/sbin
PATH: /sbin
PATH: /usr/local/bin
PATH: /usr/local/mysql/bin/mysql
PATH: /opt/X11/bin
PATH: /usr/local/git/bin


## ----------- ##
## Core tests. ##
## ----------- ##

configure:2310: checking for a BSD-compatible install
configure:2378: result: /usr/bin/install -c
configure:2389: checking whether build environment is sane
configure:2444: result: yes
configure:2595: checking for a thread-safe mkdir -p
configure:2634: result: ./install-sh -c -d
configure:2641: checking for gawk
configure:2671: result: no
configure:2641: checking for mawk
configure:2671: result: no
configure:2641: checking for nawk
configure:2671: result: no
configure:2641: checking for awk
configure:2657: found /usr/bin/awk
configure:2668: result: awk
configure:2679: checking whether make sets $(MAKE)
configure:2701: result: yes
configure:2730: checking whether make supports nested variables
configure:2747: result: yes
configure:2883: checking whether make supports nested variables
configure:2900: result: yes
configure:2924: checking for style of include used by make
configure:2952: result: GNU
configure:3023: checking for gcc
configure:3039: found /usr/bin/gcc
configure:3050: result: gcc
configure:3279: checking for C compiler version
configure:3288: gcc --version >&5
Apple LLVM version 9.0.0 (clang-900.0.38)
Target: x86_64-apple-darwin17.2.0
Thread model: posix
InstalledDir: /Applications/Xcode.app/Contents/Developer/Toolchains/XcodeDefault.xctoolchain/usr/bin
Configured with: --prefix=/Applications/Xcode.app/Contents/Developer/usr --with-gxx-include-dir=/Applications/Xcode.app/Contents/Developer/Platforms/MacOSX.platform/Developer/SDKs/MacOSX10.13.sdk/usr/include/c++/4.2.1
configure:3299: $? = 0
configure:3288: gcc -v >&5
Configured with: --prefix=/Applications/Xcode.app/Contents/Developer/usr --with-gxx-include-dir=/Applications/Xcode.app/Contents/Developer/Platforms/MacOSX.platform/Developer/SDKs/MacOSX10.13.sdk/usr/include/c++/4.2.1
Apple LLVM version 9.0.0 (clang-900.0.38)
Target: x86_64-apple-darwin17.2.0
Thread model: posix
InstalledDir: /Applications/Xcode.app/Contents/Developer/Toolchains/XcodeDefault.xctoolchain/usr/bin
configure:3299: $? = 0
configure:3288: gcc -V >&5
clang: error: argument to '-V' is missing (expected 1 value)
clang: error: no input files
configure:3299: $? = 1
configure:3288: gcc -qversion >&5
clang: error: unknown argument: '-qversion'
clang: error: no input files
configure:3299: $? = 1
configure:3319: checking whether the C compiler works
configure:3341: gcc    conftest.c  >&5
configure:3345: $? = 0
configure:3393: result: yes
configure:3396: checking for C compiler default output file name
configure:3398: result: a.out
configure:3404: checking for suffix of executables
configure:3411: gcc -o conftest    conftest.c  >&5
configure:3415: $? = 0
configure:3437: result: 
configure:3459: checking whether we are cross compiling
configure:3467: gcc -o conftest    conftest.c  >&5
configure:3471: $? = 0
configure:3478: ./conftest
configure:3482: $? = 0
configure:3497: result: no
configure:3502: checking for suffix of object files
configure:3524: gcc -c   conftest.c >&5
configure:3528: $? = 0
configure:3549: result: o
configure:3553: checking whether we are using the GNU C compiler
configure:3572: gcc -c   conftest.c >&5
configure:3572: $? = 0
configure:3581: result: yes
configure:3590: checking whether gcc accepts -g
configure:3610: gcc -c -g  conftest.c >&5
configure:3610: $? = 0
configure:3651: result: yes
configure:3668: checking for gcc option to accept ISO C89
configure:3731: gcc  -c -g -O2  conftest.c >&5
configure:3731: $? = 0
configure:3744: result: none needed
configure:3769: checking whether gcc understands -c and -o together
configure:3791: gcc -c conftest.c -o conftest2.o
configure:3794: $? = 0
configure:3791: gcc -c conftest.c -o conftest2.o
configure:3794: $? = 0
configure:3806: result: yes
configure:3825: checking dependency style of gcc
configure:3936: result: gcc3
configure:3957: checking how to run the C preprocessor
configure:3988: gcc -E  conftest.c
configure:3988: $? = 0
configure:4002: gcc -E  conftest.c
conftest.c:11:10: fatal error: 'ac_nonexistent.h' file not found
#include <ac_nonexistent.h>
         ^~~~~~~~~~~~~~~~~~
1 error generated.
configure:4002: $? = 1
configure: failed program was:
| /* confdefs.h */
| #define PACKAGE_NAME "rabbitmq-c"
| #define PACKAGE_TARNAME "rabbitmq-c"
| #define PACKAGE_VERSION "0.8.0"
| #define PACKAGE_STRING "rabbitmq-c 0.8.0"
| #define PACKAGE_BUGREPORT "https://github.com/alanxz/rabbitmq-c/issues"
| #define PACKAGE_URL "http://www.rabbitmq.com/"
| #define PACKAGE "rabbitmq-c"
| #define VERSION "0.8.0"
| /* end confdefs.h.  */
| #include <ac_nonexistent.h>
configure:4027: result: gcc -E
configure:4047: gcc -E  conftest.c
configure:4047: $? = 0
configure:4061: gcc -E  conftest.c
conftest.c:11:10: fatal error: 'ac_nonexistent.h' file not found
#include <ac_nonexistent.h>
         ^~~~~~~~~~~~~~~~~~
1 error generated.
configure:4061: $? = 1
configure: failed program was:
| /* confdefs.h */
| #define PACKAGE_NAME "rabbitmq-c"
| #define PACKAGE_TARNAME "rabbitmq-c"
| #define PACKAGE_VERSION "0.8.0"
| #define PACKAGE_STRING "rabbitmq-c 0.8.0"
| #define PACKAGE_BUGREPORT "https://github.com/alanxz/rabbitmq-c/issues"
| #define PACKAGE_URL "http://www.rabbitmq.com/"
| #define PACKAGE "rabbitmq-c"
| #define VERSION "0.8.0"
| /* end confdefs.h.  */
| #include <ac_nonexistent.h>
configure:4090: checking for grep that handles long lines and -e
configure:4148: result: /usr/bin/grep
configure:4153: checking for egrep
configure:4215: result: /usr/bin/grep -E
configure:4220: checking for ANSI C header files
configure:4240: gcc -c -g -O2  conftest.c >&5
configure:4240: $? = 0
configure:4313: gcc -o conftest -g -O2   conftest.c  >&5
configure:4313: $? = 0
configure:4313: ./conftest
configure:4313: $? = 0
configure:4324: result: yes
configure:4337: checking for sys/types.h
configure:4337: gcc -c -g -O2  conftest.c >&5
configure:4337: $? = 0
configure:4337: result: yes
configure:4337: checking for sys/stat.h
configure:4337: gcc -c -g -O2  conftest.c >&5
configure:4337: $? = 0
configure:4337: result: yes
configure:4337: checking for stdlib.h
configure:4337: gcc -c -g -O2  conftest.c >&5
configure:4337: $? = 0
configure:4337: result: yes
configure:4337: checking for string.h
configure:4337: gcc -c -g -O2  conftest.c >&5
configure:4337: $? = 0
configure:4337: result: yes
configure:4337: checking for memory.h
configure:4337: gcc -c -g -O2  conftest.c >&5
configure:4337: $? = 0
configure:4337: result: yes
configure:4337: checking for strings.h
configure:4337: gcc -c -g -O2  conftest.c >&5
configure:4337: $? = 0
configure:4337: result: yes
configure:4337: checking for inttypes.h
configure:4337: gcc -c -g -O2  conftest.c >&5
configure:4337: $? = 0
configure:4337: result: yes
configure:4337: checking for stdint.h
configure:4337: gcc -c -g -O2  conftest.c >&5
configure:4337: $? = 0
configure:4337: result: yes
configure:4337: checking for unistd.h
configure:4337: gcc -c -g -O2  conftest.c >&5
configure:4337: $? = 0
configure:4337: result: yes
configure:4350: checking minix/config.h usability
configure:4350: gcc -c -g -O2  conftest.c >&5
conftest.c:54:10: fatal error: 'minix/config.h' file not found
#include <minix/config.h>
         ^~~~~~~~~~~~~~~~
1 error generated.
configure:4350: $? = 1
configure: failed program was:
| /* confdefs.h */
| #define PACKAGE_NAME "rabbitmq-c"
| #define PACKAGE_TARNAME "rabbitmq-c"
| #define PACKAGE_VERSION "0.8.0"
| #define PACKAGE_STRING "rabbitmq-c 0.8.0"
| #define PACKAGE_BUGREPORT "https://github.com/alanxz/rabbitmq-c/issues"
| #define PACKAGE_URL "http://www.rabbitmq.com/"
| #define PACKAGE "rabbitmq-c"
| #define VERSION "0.8.0"
| #define STDC_HEADERS 1
| #define HAVE_SYS_TYPES_H 1
| #define HAVE_SYS_STAT_H 1
| #define HAVE_STDLIB_H 1
| #define HAVE_STRING_H 1
| #define HAVE_MEMORY_H 1
| #define HAVE_STRINGS_H 1
| #define HAVE_INTTYPES_H 1
| #define HAVE_STDINT_H 1
| #define HAVE_UNISTD_H 1
| /* end confdefs.h.  */
| #include <stdio.h>
| #ifdef HAVE_SYS_TYPES_H
| # include <sys/types.h>
| #endif
| #ifdef HAVE_SYS_STAT_H
| # include <sys/stat.h>
| #endif
| #ifdef STDC_HEADERS
| # include <stdlib.h>
| # include <stddef.h>
| #else
| # ifdef HAVE_STDLIB_H
| #  include <stdlib.h>
| # endif
| #endif
| #ifdef HAVE_STRING_H
| # if !defined STDC_HEADERS && defined HAVE_MEMORY_H
| #  include <memory.h>
| # endif
| # include <string.h>
| #endif
| #ifdef HAVE_STRINGS_H
| # include <strings.h>
| #endif
| #ifdef HAVE_INTTYPES_H
| # include <inttypes.h>
| #endif
| #ifdef HAVE_STDINT_H
| # include <stdint.h>
| #endif
| #ifdef HAVE_UNISTD_H
| # include <unistd.h>
| #endif
| #include <minix/config.h>
configure:4350: result: no
configure:4350: checking minix/config.h presence
configure:4350: gcc -E  conftest.c
conftest.c:21:10: fatal error: 'minix/config.h' file not found
#include <minix/config.h>
         ^~~~~~~~~~~~~~~~
1 error generated.
configure:4350: $? = 1
configure: failed program was:
| /* confdefs.h */
| #define PACKAGE_NAME "rabbitmq-c"
| #define PACKAGE_TARNAME "rabbitmq-c"
| #define PACKAGE_VERSION "0.8.0"
| #define PACKAGE_STRING "rabbitmq-c 0.8.0"
| #define PACKAGE_BUGREPORT "https://github.com/alanxz/rabbitmq-c/issues"
| #define PACKAGE_URL "http://www.rabbitmq.com/"
| #define PACKAGE "rabbitmq-c"
| #define VERSION "0.8.0"
| #define STDC_HEADERS 1
| #define HAVE_SYS_TYPES_H 1
| #define HAVE_SYS_STAT_H 1
| #define HAVE_STDLIB_H 1
| #define HAVE_STRING_H 1
| #define HAVE_MEMORY_H 1
| #define HAVE_STRINGS_H 1
| #define HAVE_INTTYPES_H 1
| #define HAVE_STDINT_H 1
| #define HAVE_UNISTD_H 1
| /* end confdefs.h.  */
| #include <minix/config.h>
configure:4350: result: no
configure:4350: checking for minix/config.h
configure:4350: result: no
configure:4371: checking whether it is safe to define __EXTENSIONS__
configure:4389: gcc -c -g -O2  conftest.c >&5
configure:4389: $? = 0
configure:4396: result: yes
configure:4443: checking build system type
configure:4457: result: x86_64-apple-darwin17.2.0
configure:4477: checking host system type
configure:4490: result: x86_64-apple-darwin17.2.0
configure:4531: checking how to print strings
configure:4558: result: printf
configure:4579: checking for a sed that does not truncate output
configure:4643: result: /usr/bin/sed
configure:4661: checking for fgrep
configure:4723: result: /usr/bin/grep -F
configure:4758: checking for ld used by gcc
configure:4825: result: /Applications/Xcode.app/Contents/Developer/Toolchains/XcodeDefault.xctoolchain/usr/bin/ld
configure:4832: checking if the linker (/Applications/Xcode.app/Contents/Developer/Toolchains/XcodeDefault.xctoolchain/usr/bin/ld) is GNU ld
configure:4847: result: no
configure:4859: checking for BSD- or MS-compatible name lister (nm)
configure:4908: result: /usr/bin/nm -B
configure:5038: checking the name lister (/usr/bin/nm -B) interface
configure:5045: gcc -c -g -O2  conftest.c >&5
configure:5048: /usr/bin/nm -B "conftest.o"
configure:5051: output
00000000000001dc S _some_variable
configure:5058: result: BSD nm
configure:5061: checking whether ln -s works
configure:5065: result: yes
configure:5073: checking the maximum length of command line arguments
configure:5204: result: 196608
configure:5221: checking whether the shell understands some XSI constructs
configure:5231: result: yes
configure:5235: checking whether the shell understands "+="
configure:5241: result: yes
configure:5276: checking how to convert x86_64-apple-darwin17.2.0 file names to x86_64-apple-darwin17.2.0 format
configure:5316: result: func_convert_file_noop
configure:5323: checking how to convert x86_64-apple-darwin17.2.0 file names to toolchain format
configure:5343: result: func_convert_file_noop
configure:5350: checking for /Applications/Xcode.app/Contents/Developer/Toolchains/XcodeDefault.xctoolchain/usr/bin/ld option to reload object files
configure:5357: result: -r
configure:5431: checking for objdump
configure:5447: found /usr/bin/objdump
configure:5458: result: objdump
configure:5487: checking how to recognize dependent libraries
configure:5685: result: pass_all
configure:5770: checking for dlltool
configure:5800: result: no
configure:5827: checking how to associate runtime and link libraries
configure:5854: result: printf %s\n
configure:5914: checking for ar
configure:5930: found /usr/bin/ar
configure:5941: result: ar
configure:5978: checking for archiver @FILE support
configure:5995: gcc -c -g -O2  conftest.c >&5
configure:5995: $? = 0
configure:5998: ar cru libconftest.a @conftest.lst >&5
ar: @conftest.lst: No such file or directory
configure:6001: $? = 1
configure:6021: result: no
configure:6079: checking for strip
configure:6095: found /usr/bin/strip
configure:6106: result: strip
configure:6178: checking for ranlib
configure:6194: found /usr/bin/ranlib
configure:6205: result: ranlib
configure:6307: checking command to parse /usr/bin/nm -B output from gcc object
configure:6427: gcc -c -g -O2  conftest.c >&5
configure:6430: $? = 0
configure:6434: /usr/bin/nm -B conftest.o \| sed -n -e 's/^.*[ ]\([BCDEGRST][BCDEGRST]*\)[ ][ ]*\([_A-Za-z][_A-Za-z0-9]*\)$/\1 \2 \2/p' | sed '/ __gnu_lto/d' \> conftest.nm
configure:6437: $? = 0
cannot find nm_test_var in conftest.nm
configure:6427: gcc -c -g -O2  conftest.c >&5
configure:6430: $? = 0
configure:6434: /usr/bin/nm -B conftest.o \| sed -n -e 's/^.*[ ]\([BCDEGRST][BCDEGRST]*\)[ ][ ]*_\([_A-Za-z][_A-Za-z0-9]*\)$/\1 _\2 \2/p' | sed '/ __gnu_lto/d' \> conftest.nm
configure:6437: $? = 0
configure:6503: gcc -o conftest -g -O2   conftest.c conftstm.o >&5
warning: (x86_64)  could not find object file symbol for symbol _main
configure:6506: $? = 0
configure:6544: result: ok
configure:6581: checking for sysroot
configure:6611: result: no
configure:6880: checking for mt
configure:6910: result: no
configure:6930: checking if : is a manifest tool
configure:6936: : '-?'
configure:6944: result: no
configure:7000: checking for dsymutil
configure:7016: found /usr/bin/dsymutil
configure:7027: result: dsymutil
configure:7092: checking for nmedit
configure:7108: found /usr/bin/nmedit
configure:7119: result: nmedit
configure:7184: checking for lipo
configure:7200: found /usr/bin/lipo
configure:7211: result: lipo
configure:7276: checking for otool
configure:7292: found /usr/bin/otool
configure:7303: result: otool
configure:7368: checking for otool64
configure:7398: result: no
configure:7443: checking for -single_module linker flag
gcc -g -O2  -o libconftest.dylib -dynamiclib -Wl,-single_module conftest.c
configure:7476: result: yes
configure:7479: checking for -exported_symbols_list linker flag
configure:7499: gcc -o conftest -g -O2   -Wl,-exported_symbols_list,conftest.sym conftest.c  >&5
configure:7499: $? = 0
configure:7509: result: yes
configure:7512: checking for -force_load linker flag
gcc -g -O2 -c -o conftest.o conftest.c
ar cru libconftest.a conftest.o
ranlib libconftest.a
gcc -g -O2  -o conftest conftest.c -Wl,-force_load,./libconftest.a
configure:7544: result: yes
configure:7583: checking for dlfcn.h
configure:7583: gcc -c -g -O2  conftest.c >&5
configure:7583: $? = 0
configure:7583: result: yes
configure:8086: checking for objdir
configure:8101: result: .libs
configure:8372: checking if gcc supports -fno-rtti -fno-exceptions
configure:8390: gcc -c -g -O2  -fno-rtti -fno-exceptions conftest.c >&5
configure:8394: $? = 0
configure:8407: result: yes
configure:8734: checking for gcc option to produce PIC
configure:8741: result: -fno-common -DPIC
configure:8749: checking if gcc PIC flag -fno-common -DPIC works
configure:8767: gcc -c -g -O2  -fno-common -DPIC -DPIC conftest.c >&5
configure:8771: $? = 0
configure:8784: result: yes
configure:8813: checking if gcc static flag -static works
configure:8841: result: no
configure:8856: checking if gcc supports -c -o file.o
configure:8877: gcc -c -g -O2  -o out/conftest2.o conftest.c >&5
configure:8881: $? = 0
configure:8903: result: yes
configure:8911: checking if gcc supports -c -o file.o
configure:8958: result: yes
configure:8991: checking whether the gcc linker (/Applications/Xcode.app/Contents/Developer/Toolchains/XcodeDefault.xctoolchain/usr/bin/ld) supports shared libraries
configure:10148: result: yes
configure:10388: checking dynamic linker characteristics
configure:11122: result: darwin17.2.0 dyld
configure:11229: checking how to hardcode library paths into programs
configure:11254: result: immediate
configure:11794: checking whether stripping libraries is possible
configure:11808: result: yes
configure:11834: checking if libtool supports shared libraries
configure:11836: result: yes
configure:11839: checking whether to build shared libraries
configure:11860: result: yes
configure:11863: checking whether to build static libraries
configure:11867: result: no
configure:11906: WARNING: Attempt c89 workaround for old versions of autoconf
configure:11956: checking for gcc
configure:11983: result: gcc
configure:12212: checking for C compiler version
configure:12221: gcc --version >&5
Apple LLVM version 9.0.0 (clang-900.0.38)
Target: x86_64-apple-darwin17.2.0
Thread model: posix
InstalledDir: /Applications/Xcode.app/Contents/Developer/Toolchains/XcodeDefault.xctoolchain/usr/bin
Configured with: --prefix=/Applications/Xcode.app/Contents/Developer/usr --with-gxx-include-dir=/Applications/Xcode.app/Contents/Developer/Platforms/MacOSX.platform/Developer/SDKs/MacOSX10.13.sdk/usr/include/c++/4.2.1
configure:12232: $? = 0
configure:12221: gcc -v >&5
Configured with: --prefix=/Applications/Xcode.app/Contents/Developer/usr --with-gxx-include-dir=/Applications/Xcode.app/Contents/Developer/Platforms/MacOSX.platform/Developer/SDKs/MacOSX10.13.sdk/usr/include/c++/4.2.1
Apple LLVM version 9.0.0 (clang-900.0.38)
Target: x86_64-apple-darwin17.2.0
Thread model: posix
InstalledDir: /Applications/Xcode.app/Contents/Developer/Toolchains/XcodeDefault.xctoolchain/usr/bin
configure:12232: $? = 0
configure:12221: gcc -V >&5
clang: error: argument to '-V' is missing (expected 1 value)
clang: error: no input files
configure:12232: $? = 1
configure:12221: gcc -qversion >&5
clang: error: unknown argument: '-qversion'
clang: error: no input files
configure:12232: $? = 1
configure:12236: checking whether we are using the GNU C compiler
configure:12264: result: yes
configure:12273: checking whether gcc accepts -g
configure:12334: result: yes
configure:12351: checking for gcc option to accept ISO C89
configure:12427: result: none needed
configure:12452: checking whether gcc understands -c and -o together
configure:12489: result: yes
configure:12508: checking dependency style of gcc
configure:12619: result: gcc3
configure:12637: checking if compiler accepts '-std=gnu90'
configure:12650: gcc -c -std=gnu90 -g -O2  conftest.c >&5
configure:12650: $? = 0
configure:12651: result: yes
configure:12725: checking for pkg-config
configure:12743: found /usr/local/bin/pkg-config
configure:12755: result: /usr/local/bin/pkg-config
configure:12780: checking pkg-config is at least version 0.17
configure:12783: result: yes
configure:12794: checking for inline
configure:12810: gcc -c -g -O2 -std=gnu90  conftest.c >&5
configure:12810: $? = 0
configure:12818: result: inline
configure:12841: checking if compiler accepts '-Wall'
configure:12854: gcc -c -Wall -g -O2 -std=gnu90  conftest.c >&5
configure:12854: $? = 0
configure:12855: result: yes
configure:12878: checking if compiler accepts '-Wextra'
configure:12891: gcc -c -Wextra -g -O2 -std=gnu90 -Wall  conftest.c >&5
configure:12891: $? = 0
configure:12892: result: yes
configure:12915: checking if compiler accepts '-Wstrict-prototypes'
configure:12928: gcc -c -Wstrict-prototypes -g -O2 -std=gnu90 -Wall -Wextra  conftest.c >&5
configure:12928: $? = 0
configure:12929: result: yes
configure:12952: checking if compiler accepts '-Wno-unused-function'
configure:12965: gcc -c -Wno-unused-function -g -O2 -std=gnu90 -Wall -Wextra -Wstrict-prototypes  conftest.c >&5
configure:12965: $? = 0
configure:12966: result: yes
configure:12989: checking if compiler accepts '-fno-common'
configure:13002: gcc -c -fno-common -g -O2 -std=gnu90 -Wall -Wextra -Wstrict-prototypes -Wno-unused-function  conftest.c >&5
configure:13002: $? = 0
configure:13003: result: yes
configure:13026: checking if compiler accepts '-fvisibility=hidden'
configure:13039: gcc -c -fvisibility=hidden -g -O2 -std=gnu90 -Wall -Wextra -Wstrict-prototypes -Wno-unused-function -fno-common  conftest.c >&5
configure:13039: $? = 0
configure:13040: result: yes
configure:13062: checking if linker accepts '-no-undefined'
configure:13075: gcc -o conftest -g -O2 -std=gnu90 -Wall -Wextra -Wstrict-prototypes -Wno-unused-function -fno-common -fvisibility=hidden  -no-undefined  conftest.c  >&5
clang: error: unknown argument: '-no-undefined'
configure:13075: $? = 1
configure: failed program was:
| /* confdefs.h */
| #define PACKAGE_NAME "rabbitmq-c"
| #define PACKAGE_TARNAME "rabbitmq-c"
| #define PACKAGE_VERSION "0.8.0"
| #define PACKAGE_STRING "rabbitmq-c 0.8.0"
| #define PACKAGE_BUGREPORT "https://github.com/alanxz/rabbitmq-c/issues"
| #define PACKAGE_URL "http://www.rabbitmq.com/"
| #define PACKAGE "rabbitmq-c"
| #define VERSION "0.8.0"
| #define STDC_HEADERS 1
| #define HAVE_SYS_TYPES_H 1
| #define HAVE_SYS_STAT_H 1
| #define HAVE_STDLIB_H 1
| #define HAVE_STRING_H 1
| #define HAVE_MEMORY_H 1
| #define HAVE_STRINGS_H 1
| #define HAVE_INTTYPES_H 1
| #define HAVE_STDINT_H 1
| #define HAVE_UNISTD_H 1
| #define __EXTENSIONS__ 1
| #define _ALL_SOURCE 1
| #define _GNU_SOURCE 1
| #define _POSIX_PTHREAD_SEMANTICS 1
| #define _TANDEM_SOURCE 1
| #define HAVE_DLFCN_H 1
| #define LT_OBJDIR ".libs/"
| /* end confdefs.h.  */
| 
| int
| main ()
| {
| 
|   ;
|   return 0;
| }
configure:13081: result: no
configure:13185: checking for library containing getaddrinfo
configure:13216: gcc -o conftest -g -O2 -std=gnu90 -Wall -Wextra -Wstrict-prototypes -Wno-unused-function -fno-common -fvisibility=hidden   conftest.c  >&5
conftest.c:36:18: warning: this function declaration is not a prototype [-Wstrict-prototypes]
char getaddrinfo ();
                 ^
                  void
1 warning generated.
configure:13216: $? = 0
configure:13233: result: none required
configure:13284: checking for library containing socket
configure:13315: gcc -o conftest -g -O2 -std=gnu90 -Wall -Wextra -Wstrict-prototypes -Wno-unused-function -fno-common -fvisibility=hidden   conftest.c  >&5
conftest.c:36:13: warning: this function declaration is not a prototype [-Wstrict-prototypes]
char socket ();
            ^
             void
1 warning generated.
configure:13315: $? = 0
configure:13332: result: none required
configure:13383: checking for library containing clock_gettime
configure:13414: gcc -o conftest -g -O2 -std=gnu90 -Wall -Wextra -Wstrict-prototypes -Wno-unused-function -fno-common -fvisibility=hidden   conftest.c  >&5
conftest.c:36:20: warning: this function declaration is not a prototype [-Wstrict-prototypes]
char clock_gettime ();
                   ^
                    void
1 warning generated.
configure:13414: $? = 0
configure:13431: result: none required
configure:13439: checking for library containing posix_spawnp
configure:13470: gcc -o conftest -g -O2 -std=gnu90 -Wall -Wextra -Wstrict-prototypes -Wno-unused-function -fno-common -fvisibility=hidden   conftest.c  >&5
conftest.c:36:19: warning: this function declaration is not a prototype [-Wstrict-prototypes]
char posix_spawnp ();
                  ^
                   void
1 warning generated.
configure:13470: $? = 0
configure:13487: result: none required
configure:13495: checking if htonll is defined
configure:13514: gcc -o conftest -g -O2 -std=gnu90 -Wall -Wextra -Wstrict-prototypes -Wno-unused-function -fno-common -fvisibility=hidden   conftest.c  >&5
configure:13514: $? = 0
configure:13516: result: yes
configure:13533: checking for poll(2)
configure:13549: gcc -o conftest -g -O2 -std=gnu90 -Wall -Wextra -Wstrict-prototypes -Wno-unused-function -fno-common -fvisibility=hidden   conftest.c  >&5
configure:13549: $? = 0
configure:13559: result: yes
configure:13627: checking for SSL
configure:13634: $PKG_CONFIG --exists --print-errors "openssl >= 0.9.8"
Package openssl was not found in the pkg-config search path.
Perhaps you should add the directory containing `openssl.pc'
to the PKG_CONFIG_PATH environment variable
No package 'openssl' found
configure:13637: $? = 1
configure:13651: $PKG_CONFIG --exists --print-errors "openssl >= 0.9.8"
Package openssl was not found in the pkg-config search path.
Perhaps you should add the directory containing `openssl.pc'
to the PKG_CONFIG_PATH environment variable
No package 'openssl' found
configure:13654: $? = 1
configure:13668: result: no
No package 'openssl' found
configure:13742: checking for popt.h
configure:13742: gcc -c -g -O2 -std=gnu90 -Wall -Wextra -Wstrict-prototypes -Wno-unused-function -fno-common -fvisibility=hidden  conftest.c >&5
conftest.c:33:10: fatal error: 'popt.h' file not found
#include <popt.h>
         ^~~~~~~~
1 error generated.
configure:13742: $? = 1
configure: failed program was:
| /* confdefs.h */
| #define PACKAGE_NAME "rabbitmq-c"
| #define PACKAGE_TARNAME "rabbitmq-c"
| #define PACKAGE_VERSION "0.8.0"
| #define PACKAGE_STRING "rabbitmq-c 0.8.0"
| #define PACKAGE_BUGREPORT "https://github.com/alanxz/rabbitmq-c/issues"
| #define PACKAGE_URL "http://www.rabbitmq.com/"
| #define PACKAGE "rabbitmq-c"
| #define VERSION "0.8.0"
| #define STDC_HEADERS 1
| #define HAVE_SYS_TYPES_H 1
| #define HAVE_SYS_STAT_H 1
| #define HAVE_STDLIB_H 1
| #define HAVE_STRING_H 1
| #define HAVE_MEMORY_H 1
| #define HAVE_STRINGS_H 1
| #define HAVE_INTTYPES_H 1
| #define HAVE_STDINT_H 1
| #define HAVE_UNISTD_H 1
| #define __EXTENSIONS__ 1
| #define _ALL_SOURCE 1
| #define _GNU_SOURCE 1
| #define _POSIX_PTHREAD_SEMANTICS 1
| #define _TANDEM_SOURCE 1
| #define HAVE_DLFCN_H 1
| #define LT_OBJDIR ".libs/"
| #define ENABLE_THREAD_SAFETY 1
| #define HAVE_HTONLL 1
| #define HAVE_POLL /**/
| /* end confdefs.h.  */
| 
| 
| #include <popt.h>
configure:13742: result: no
configure:13754: checking for poptGetContext in -lpopt
configure:13779: gcc -o conftest -g -O2 -std=gnu90 -Wall -Wextra -Wstrict-prototypes -Wno-unused-function -fno-common -fvisibility=hidden   conftest.c -lpopt   >&5
conftest.c:38:21: warning: this function declaration is not a prototype [-Wstrict-prototypes]
char poptGetContext ();
                    ^
                     void
1 warning generated.
ld: library not found for -lpopt
clang: error: linker command failed with exit code 1 (use -v to see invocation)
configure:13779: $? = 1
configure: failed program was:
| /* confdefs.h */
| #define PACKAGE_NAME "rabbitmq-c"
| #define PACKAGE_TARNAME "rabbitmq-c"
| #define PACKAGE_VERSION "0.8.0"
| #define PACKAGE_STRING "rabbitmq-c 0.8.0"
| #define PACKAGE_BUGREPORT "https://github.com/alanxz/rabbitmq-c/issues"
| #define PACKAGE_URL "http://www.rabbitmq.com/"
| #define PACKAGE "rabbitmq-c"
| #define VERSION "0.8.0"
| #define STDC_HEADERS 1
| #define HAVE_SYS_TYPES_H 1
| #define HAVE_SYS_STAT_H 1
| #define HAVE_STDLIB_H 1
| #define HAVE_STRING_H 1
| #define HAVE_MEMORY_H 1
| #define HAVE_STRINGS_H 1
| #define HAVE_INTTYPES_H 1
| #define HAVE_STDINT_H 1
| #define HAVE_UNISTD_H 1
| #define __EXTENSIONS__ 1
| #define _ALL_SOURCE 1
| #define _GNU_SOURCE 1
| #define _POSIX_PTHREAD_SEMANTICS 1
| #define _TANDEM_SOURCE 1
| #define HAVE_DLFCN_H 1
| #define LT_OBJDIR ".libs/"
| #define ENABLE_THREAD_SAFETY 1
| #define HAVE_HTONLL 1
| #define HAVE_POLL /**/
| /* end confdefs.h.  */
| 
| /* Override any GCC internal prototype to avoid an error.
|    Use char because int might match the return type of a GCC
|    builtin and then its argument prototype would still apply.  */
| #ifdef __cplusplus
| extern "C"
| #endif
| char poptGetContext ();
| int
| main ()
| {
| return poptGetContext ();
|   ;
|   return 0;
| }
configure:13788: result: no
configure:14065: checking that generated files are newer than configure
configure:14071: result: done
configure:14130: creating ./config.status

## ---------------------- ##
## Running config.status. ##
## ---------------------- ##

This file was extended by rabbitmq-c config.status 0.8.0, which was
generated by GNU Autoconf 2.69.  Invocation command line was

  CONFIG_FILES    = 
  CONFIG_HEADERS  = 
  CONFIG_LINKS    = 
  CONFIG_COMMANDS = 
  $ ./config.status 

on 192.168.0.147

config.status:1120: creating librabbitmq.pc
config.status:1120: creating Makefile
config.status:1120: creating config.h
config.status:1301: config.h is unchanged
config.status:1349: executing depfiles commands
config.status:1349: executing libtool commands
configure:16369: result:
rabbitmq-c build options:
    Host: x86_64-apple-darwin17.2.0
    Version: 0.8.0
    SSL/TLS: no
    Tools: no
    Documentation: no
    Examples: yes


## ---------------- ##
## Cache variables. ##
## ---------------- ##

ac_cv_build=x86_64-apple-darwin17.2.0
ac_cv_c_compiler_gnu=yes
ac_cv_c_inline=inline
ac_cv_env_CC_set=
ac_cv_env_CC_value=
ac_cv_env_CFLAGS_set=
ac_cv_env_CFLAGS_value=
ac_cv_env_CPPFLAGS_set=
ac_cv_env_CPPFLAGS_value=
ac_cv_env_CPP_set=
ac_cv_env_CPP_value=
ac_cv_env_LDFLAGS_set=
ac_cv_env_LDFLAGS_value=
ac_cv_env_LIBS_set=
ac_cv_env_LIBS_value=
ac_cv_env_PKG_CONFIG_LIBDIR_set=
ac_cv_env_PKG_CONFIG_LIBDIR_value=
ac_cv_env_PKG_CONFIG_PATH_set=
ac_cv_env_PKG_CONFIG_PATH_value=
ac_cv_env_PKG_CONFIG_set=
ac_cv_env_PKG_CONFIG_value=
ac_cv_env_POPT_CFLAGS_set=
ac_cv_env_POPT_CFLAGS_value=
ac_cv_env_POPT_LIBS_set=
ac_cv_env_POPT_LIBS_value=
ac_cv_env_SSL_CFLAGS_set=
ac_cv_env_SSL_CFLAGS_value=
ac_cv_env_SSL_LIBS_set=
ac_cv_env_SSL_LIBS_value=
ac_cv_env_XMLTO_set=
ac_cv_env_XMLTO_value=
ac_cv_env_build_alias_set=
ac_cv_env_build_alias_value=
ac_cv_env_host_alias_set=
ac_cv_env_host_alias_value=
ac_cv_env_target_alias_set=
ac_cv_env_target_alias_value=
ac_cv_header_dlfcn_h=yes
ac_cv_header_inttypes_h=yes
ac_cv_header_memory_h=yes
ac_cv_header_minix_config_h=no
ac_cv_header_popt_h=no
ac_cv_header_stdc=yes
ac_cv_header_stdint_h=yes
ac_cv_header_stdlib_h=yes
ac_cv_header_string_h=yes
ac_cv_header_strings_h=yes
ac_cv_header_sys_stat_h=yes
ac_cv_header_sys_types_h=yes
ac_cv_header_unistd_h=yes
ac_cv_host=x86_64-apple-darwin17.2.0
ac_cv_lib_popt_poptGetContext=no
ac_cv_objext=o
ac_cv_path_EGREP='/usr/bin/grep -E'
ac_cv_path_FGREP='/usr/bin/grep -F'
ac_cv_path_GREP=/usr/bin/grep
ac_cv_path_SED=/usr/bin/sed
ac_cv_path_ac_pt_PKG_CONFIG=/usr/local/bin/pkg-config
ac_cv_path_install='/usr/bin/install -c'
ac_cv_prog_AWK=awk
ac_cv_prog_CPP='gcc -E'
ac_cv_prog_ac_ct_AR=ar
ac_cv_prog_ac_ct_CC=gcc
ac_cv_prog_ac_ct_DSYMUTIL=dsymutil
ac_cv_prog_ac_ct_LIPO=lipo
ac_cv_prog_ac_ct_NMEDIT=nmedit
ac_cv_prog_ac_ct_OBJDUMP=objdump
ac_cv_prog_ac_ct_OTOOL=otool
ac_cv_prog_ac_ct_RANLIB=ranlib
ac_cv_prog_ac_ct_STRIP=strip
ac_cv_prog_cc_c89=
ac_cv_prog_cc_g=yes
ac_cv_prog_make_make_set=yes
ac_cv_safe_to_define___extensions__=yes
ac_cv_search_clock_gettime='none required'
ac_cv_search_getaddrinfo='none required'
ac_cv_search_posix_spawnp='none required'
ac_cv_search_socket='none required'
am_cv_CC_dependencies_compiler_type=gcc3
am_cv_make_support_nested_variables=yes
am_cv_prog_cc_c_o=yes
ax_cv_have_poll=yes
ax_cv_have_popt=no
lt_cv_apple_cc_single_mod=yes
lt_cv_ar_at_file=no
lt_cv_deplibs_check_method=pass_all
lt_cv_file_magic_cmd='$MAGIC_CMD'
lt_cv_file_magic_test_file=
lt_cv_ld_exported_symbols_list=yes
lt_cv_ld_force_load=yes
lt_cv_ld_reload_flag=-r
lt_cv_nm_interface='BSD nm'
lt_cv_objdir=.libs
lt_cv_path_LD=/Applications/Xcode.app/Contents/Developer/Toolchains/XcodeDefault.xctoolchain/usr/bin/ld
lt_cv_path_NM='/usr/bin/nm -B'
lt_cv_path_mainfest_tool=no
lt_cv_prog_compiler_c_o=yes
lt_cv_prog_compiler_pic='-fno-common -DPIC'
lt_cv_prog_compiler_pic_works=yes
lt_cv_prog_compiler_rtti_exceptions=yes
lt_cv_prog_compiler_static_works=no
lt_cv_prog_gnu_ld=no
lt_cv_sharedlib_from_linklib_cmd='printf %s\n'
lt_cv_sys_global_symbol_pipe='sed -n -e '\''s/^.*[	 ]\([BCDEGRST][BCDEGRST]*\)[	 ][	 ]*_\([_A-Za-z][_A-Za-z0-9]*\)$/\1 _\2 \2/p'\'' | sed '\''/ __gnu_lto/d'\'''
lt_cv_sys_global_symbol_to_c_name_address='sed -n -e '\''s/^: \([^ ]*\)[ ]*$/  {\"\1\", (void *) 0},/p'\'' -e '\''s/^[BCDEGRST]* \([^ ]*\) \([^ ]*\)$/  {"\2", (void *) \&\2},/p'\'''
lt_cv_sys_global_symbol_to_c_name_address_lib_prefix='sed -n -e '\''s/^: \([^ ]*\)[ ]*$/  {\"\1\", (void *) 0},/p'\'' -e '\''s/^[BCDEGRST]* \([^ ]*\) \(lib[^ ]*\)$/  {"\2", (void *) \&\2},/p'\'' -e '\''s/^[BCDEGRST]* \([^ ]*\) \([^ ]*\)$/  {"lib\2", (void *) \&\2},/p'\'''
lt_cv_sys_global_symbol_to_cdecl='sed -n -e '\''s/^T .* \(.*\)$/extern int \1();/p'\'' -e '\''s/^[BCDEGRST]* .* \(.*\)$/extern char \1;/p'\'''
lt_cv_sys_max_cmd_len=196608
lt_cv_to_host_file_cmd=func_convert_file_noop
lt_cv_to_tool_file_cmd=func_convert_file_noop

## ----------------- ##
## Output variables. ##
## ----------------- ##

ACLOCAL='${SHELL} /Users/Alsa/git/CDK/rabbitmq-c/v0.8.1/rabbitmq-c/missing aclocal-1.14'
AMDEPBACKSLASH='\'
AMDEP_FALSE='#'
AMDEP_TRUE=''
AMTAR='$${TAR-tar}'
AM_BACKSLASH='\'
AM_DEFAULT_V='$(AM_DEFAULT_VERBOSITY)'
AM_DEFAULT_VERBOSITY='0'
AM_V='$(V)'
AR='ar'
AS='as'
AUTOCONF='${SHELL} /Users/Alsa/git/CDK/rabbitmq-c/v0.8.1/rabbitmq-c/missing autoconf'
AUTOHEADER='${SHELL} /Users/Alsa/git/CDK/rabbitmq-c/v0.8.1/rabbitmq-c/missing autoheader'
AUTOMAKE='${SHELL} /Users/Alsa/git/CDK/rabbitmq-c/v0.8.1/rabbitmq-c/missing automake-1.14'
AWK='awk'
CC='gcc'
CCDEPMODE='depmode=gcc3'
CFLAGS='-g -O2 -std=gnu90 -Wall -Wextra -Wstrict-prototypes -Wno-unused-function -fno-common -fvisibility=hidden'
CPP='gcc -E'
CPPFLAGS=''
CYGPATH_W='echo'
DEFS='-DHAVE_CONFIG_H'
DEPDIR='.deps'
DLLTOOL='false'
DOCS_FALSE=''
DOCS_TRUE='#'
DSYMUTIL='dsymutil'
DUMPBIN=''
ECHO_C='\c'
ECHO_N=''
ECHO_T=''
EGREP='/usr/bin/grep -E'
EXAMPLES_FALSE='#'
EXAMPLES_TRUE=''
EXEEXT=''
FGREP='/usr/bin/grep -F'
GREP='/usr/bin/grep'
INSTALL_DATA='${INSTALL} -m 644'
INSTALL_PROGRAM='${INSTALL}'
INSTALL_SCRIPT='${INSTALL}'
INSTALL_STRIP_PROGRAM='$(install_sh) -c -s'
LD='/Applications/Xcode.app/Contents/Developer/Toolchains/XcodeDefault.xctoolchain/usr/bin/ld'
LDFLAGS=''
LIBOBJS=''
LIBS=''
LIBTOOL='$(SHELL) $(top_builddir)/libtool'
LIPO='lipo'
LN_S='ln -s'
LTLIBOBJS=''
LT_AGE='2'
LT_CURRENT='6'
LT_REVISION='0'
MAKEINFO='${SHELL} /Users/Alsa/git/CDK/rabbitmq-c/v0.8.1/rabbitmq-c/missing makeinfo'
MANIFEST_TOOL=':'
MKDIR_P='./install-sh -c -d'
NM='/usr/bin/nm -B'
NMEDIT='nmedit'
NO_UNDEFINED=''
OBJDUMP='objdump'
OBJEXT='o'
OS_APPLE_FALSE='#'
OS_APPLE_TRUE=''
OS_UNIX_FALSE='#'
OS_UNIX_TRUE=''
OS_WIN32_FALSE=''
OS_WIN32_TRUE='#'
OTOOL64=':'
OTOOL='otool'
PACKAGE='rabbitmq-c'
PACKAGE_BUGREPORT='https://github.com/alanxz/rabbitmq-c/issues'
PACKAGE_NAME='rabbitmq-c'
PACKAGE_STRING='rabbitmq-c 0.8.0'
PACKAGE_TARNAME='rabbitmq-c'
PACKAGE_URL='http://www.rabbitmq.com/'
PACKAGE_VERSION='0.8.0'
PATH_SEPARATOR=':'
PKG_CONFIG='/usr/local/bin/pkg-config'
PKG_CONFIG_LIBDIR=''
PKG_CONFIG_PATH=''
POPT_CFLAGS=''
POPT_LIBS=''
RANLIB='ranlib'
SED='/usr/bin/sed'
SET_MAKE=''
SHELL='/bin/sh'
SSL_CFLAGS=''
SSL_FALSE=''
SSL_LIBS=''
SSL_OPENSSL_FALSE=''
SSL_OPENSSL_TRUE='#'
SSL_TRUE='#'
STRIP='strip'
TOOLS_FALSE=''
TOOLS_TRUE='#'
VERSION='0.8.0'
XMLTO=''
ac_ct_AR='ar'
ac_ct_CC='gcc'
ac_ct_DUMPBIN=''
am__EXEEXT_FALSE=''
am__EXEEXT_TRUE='#'
am__fastdepCC_FALSE='#'
am__fastdepCC_TRUE=''
am__include='include'
am__isrc=''
am__leading_dot='.'
am__nodep='_no'
am__quote=''
am__tar='$${TAR-tar} chof - "$$tardir"'
am__untar='$${TAR-tar} xf -'
bindir='${exec_prefix}/bin'
build='x86_64-apple-darwin17.2.0'
build_alias=''
build_cpu='x86_64'
build_os='darwin17.2.0'
build_vendor='apple'
datadir='${datarootdir}'
datarootdir='${prefix}/share'
docdir='${datarootdir}/doc/${PACKAGE_TARNAME}'
dvidir='${docdir}'
exec_prefix='${prefix}'
host='x86_64-apple-darwin17.2.0'
host_alias=''
host_cpu='x86_64'
host_os='darwin17.2.0'
host_vendor='apple'
htmldir='${docdir}'
includedir='${prefix}/include'
infodir='${datarootdir}/info'
install_sh='${SHELL} /Users/Alsa/git/CDK/rabbitmq-c/v0.8.1/rabbitmq-c/install-sh'
libdir='${exec_prefix}/lib'
libexecdir='${exec_prefix}/libexec'
libs_private=''
localedir='${datarootdir}/locale'
localstatedir='${prefix}/var'
mandir='${datarootdir}/man'
mkdir_p='$(MKDIR_P)'
oldincludedir='/usr/include'
pdfdir='${docdir}'
prefix='/opt/cdk/rabbitmq/v0.8.1'
program_transform_name='s,x,x,'
psdir='${docdir}'
requires_private=''
sbindir='${exec_prefix}/sbin'
sharedstatedir='${prefix}/com'
sysconfdir='${prefix}/etc'
target_alias=''

## ----------- ##
## confdefs.h. ##
## ----------- ##

/* confdefs.h */
#define PACKAGE_NAME "rabbitmq-c"
#define PACKAGE_TARNAME "rabbitmq-c"
#define PACKAGE_VERSION "0.8.0"
#define PACKAGE_STRING "rabbitmq-c 0.8.0"
#define PACKAGE_BUGREPORT "https://github.com/alanxz/rabbitmq-c/issues"
#define PACKAGE_URL "http://www.rabbitmq.com/"
#define PACKAGE "rabbitmq-c"
#define VERSION "0.8.0"
#define STDC_HEADERS 1
#define HAVE_SYS_TYPES_H 1
#define HAVE_SYS_STAT_H 1
#define HAVE_STDLIB_H 1
#define HAVE_STRING_H 1
#define HAVE_MEMORY_H 1
#define HAVE_STRINGS_H 1
#define HAVE_INTTYPES_H 1
#define HAVE_STDINT_H 1
#define HAVE_UNISTD_H 1
#define __EXTENSIONS__ 1
#define _ALL_SOURCE 1
#define _GNU_SOURCE 1
#define _POSIX_PTHREAD_SEMANTICS 1
#define _TANDEM_SOURCE 1
#define HAVE_DLFCN_H 1
#define LT_OBJDIR ".libs/"
#define ENABLE_THREAD_SAFETY 1
#define HAVE_HTONLL 1
#define HAVE_POLL /**/
#define AMQ_PLATFORM "darwin17.2.0"

configure: exit 0
